\BOOKMARK [1][-]{section*.2}{\376\377\000P\000r\000o\000j\000e\000c\000t\000\040\000s\000t\000r\000u\000c\000t\000u\000r\000e}{}% 1
\BOOKMARK [1][-]{section*.3}{\376\377\000P\000r\000e\000p\000r\000o\000c\000e\000s\000s\000i\000n\000g}{}% 2
\BOOKMARK [2][-]{section*.4}{\376\377\000E\000u\000k\000a\000r\000y\000o\000t\000a\000\040\000s\000p\000e\000c\000i\000e\000s\000\040\000t\000r\000e\000e}{section*.3}% 3
\BOOKMARK [3][-]{section*.5}{\376\377\000N\000C\000B\000I\000\040\000T\000a\000x\000o\000n\000o\000m\000y\000\040\000t\000r\000e\000e}{section*.4}% 4
\BOOKMARK [3][-]{section*.15}{\376\377\000D\000u\000p\000l\000i\000c\000a\000t\000e\000d\000\040\000G\000e\000n\000e\000r\000a}{section*.4}% 5
\BOOKMARK [3][-]{section*.16}{\376\377\000H\000y\000b\000r\000i\000d\000\040\000t\000r\000e\000e}{section*.4}% 6
\BOOKMARK [2][-]{section*.22}{\376\377\000G\000e\000n\000e\000\040\000s\000e\000l\000e\000c\000t\000i\000o\000n\000\040\000a\000n\000d\000\040\000a\000n\000n\000o\000t\000a\000t\000i\000o\000n}{section*.3}% 7
\BOOKMARK [3][-]{section*.23}{\376\377\000N\000e\000u\000r\000o\000t\000r\000a\000n\000s\000m\000i\000t\000t\000e\000r\000\040\000s\000y\000s\000t\000e\000m\000s\000\040\000a\000n\000n\000o\000t\000a\000t\000i\000o\000n}{section*.22}% 8
\BOOKMARK [3][-]{section*.26}{\376\377\000B\000a\000s\000e\000\040\000I\000D\000\040\000l\000o\000o\000k\000u\000p\000\040\000t\000a\000b\000l\000e}{section*.22}% 9
\BOOKMARK [2][-]{section*.31}{\376\377\000N\000e\000u\000r\000o\000e\000x\000c\000l\000u\000s\000i\000v\000i\000t\000y}{section*.3}% 10
\BOOKMARK [3][-]{section*.32}{\376\377\000E\000x\000p\000r\000e\000s\000s\000i\000o\000n\000\040\000n\000e\000u\000r\000o\000e\000x\000c\000l\000u\000s\000i\000v\000i\000t\000y}{section*.31}% 11
\BOOKMARK [3][-]{section*.37}{\376\377\000P\000a\000t\000h\000w\000a\000y\000\040\000n\000e\000u\000r\000o\000e\000x\000c\000l\000u\000s\000i\000v\000i\000t\000y}{section*.31}% 12
\BOOKMARK [2][-]{section*.41}{\376\377\000O\000r\000t\000h\000o\000l\000o\000g\000y\000\040\000d\000a\000t\000a}{section*.3}% 13
\BOOKMARK [2][-]{section*.43}{\376\377\000N\000e\000t\000w\000o\000r\000k}{section*.3}% 14
\BOOKMARK [3][-]{section*.44}{\376\377\000R\000e\000t\000r\000i\000e\000v\000i\000n\000g\000\040\000n\000e\000t\000w\000o\000r\000k\000\040\000d\000a\000t\000a}{section*.43}% 15
\BOOKMARK [3][-]{section*.47}{\376\377\000R\000e\000c\000o\000m\000p\000u\000t\000i\000n\000g\000\040\000s\000c\000o\000r\000e\000s}{section*.43}% 16
\BOOKMARK [1][-]{section*.48}{\376\377\000A\000n\000a\000l\000y\000s\000i\000s}{}% 17
\BOOKMARK [2][-]{section*.49}{\376\377\000R\000o\000o\000t\000\040\000i\000n\000f\000e\000r\000e\000n\000c\000e}{section*.48}% 18
\BOOKMARK [3][-]{section*.50}{\376\377\000G\000e\000n\000e\000p\000l\000a\000s\000t}{section*.49}% 19
\BOOKMARK [3][-]{section*.51}{\376\377\000C\000l\000a\000d\000e\000\040\000n\000a\000m\000e\000s}{section*.49}% 20
\BOOKMARK [3][-]{section*.52}{\376\377\000P\000h\000y\000l\000e\000t\000i\000c\000\040\000p\000a\000t\000t\000e\000r\000n\000s}{section*.49}% 21
\BOOKMARK [2][-]{section*.54}{\376\377\000N\000e\000u\000r\000o\000e\000x\000c\000l\000u\000s\000i\000v\000i\000t\000y}{section*.48}% 22
\BOOKMARK [3][-]{section*.55}{\376\377\000E\000x\000p\000r\000e\000s\000s\000i\000o\000n\000\040\000n\000e\000u\000r\000o\000e\000x\000c\000l\000u\000s\000i\000v\000i\000t\000y}{section*.54}% 23
\BOOKMARK [3][-]{section*.56}{\376\377\000P\000a\000t\000h\000w\000a\000y\000\040\000n\000e\000u\000r\000o\000e\000x\000c\000l\000u\000s\000i\000v\000i\000t\000y}{section*.54}% 24
\BOOKMARK [2][-]{section*.57}{\376\377\000N\000e\000t\000w\000o\000r\000k}{section*.48}% 25
\BOOKMARK [3][-]{section*.58}{\376\377\000G\000r\000a\000p\000h\000\040\000d\000a\000t\000a}{section*.57}% 26
\BOOKMARK [3][-]{section*.59}{\376\377\000F\000i\000g\000u\000r\000e\000\040\0001}{section*.57}% 27
\BOOKMARK [3][-]{section*.61}{\376\377\000F\000i\000g\000u\000r\000e\000\040\0002}{section*.57}% 28
\BOOKMARK [3][-]{section*.62}{\376\377\000F\000i\000g\000u\000r\000e\000\040\0003}{section*.57}% 29
\BOOKMARK [3][-]{section*.65}{\376\377\000F\000i\000g\000u\000r\000e\000\040\0004}{section*.57}% 30
\BOOKMARK [3][-]{section*.67}{\376\377\000S\000e\000t\000\040\000d\000i\000a\000g\000r\000a\000m\000s}{section*.57}% 31
\BOOKMARK [3][-]{section*.69}{\376\377\000S\000u\000p\000p\000l\000e\000m\000e\000n\000t\000a\000r\000y\000\040\000F\000i\000g\000u\000r\000e\000s\000\040\0002\000\040\000a\000n\000d\000\040\0003}{section*.57}% 32
\BOOKMARK [2][-]{section*.70}{\376\377\000A\000b\000u\000n\000d\000a\000n\000c\000e}{section*.48}% 33
